  [1m[36m (1.4ms)[0m  [1mCREATE TABLE "schema_migrations" ("version" varchar NOT NULL) [0m
  [1m[35m (0.1ms)[0m  select sqlite_version(*)
  [1m[36m (1.6ms)[0m  [1mCREATE UNIQUE INDEX "unique_schema_migrations" ON "schema_migrations" ("version")[0m
  [1m[35mActiveRecord::SchemaMigration Load (0.1ms)[0m  SELECT "schema_migrations".* FROM "schema_migrations"
Migrating to CreateBlogEntries (20160323180420)
  [1m[36m (0.2ms)[0m  [1mbegin transaction[0m
  [1m[35m (1.7ms)[0m  CREATE TABLE "blog_entries" ("id" INTEGER PRIMARY KEY AUTOINCREMENT NOT NULL, "title" varchar, "content" text, "created_at" datetime NOT NULL, "updated_at" datetime NOT NULL) 
  [1m[36mSQL (0.5ms)[0m  [1mINSERT INTO "schema_migrations" ("version") VALUES (?)[0m  [["version", "20160323180420"]]
  [1m[35m (3.7ms)[0m  commit transaction
  [1m[36mActiveRecord::SchemaMigration Load (0.1ms)[0m  [1mSELECT "schema_migrations".* FROM "schema_migrations"[0m


Started GET "/" for ::1 at 2016-03-23 21:54:59 +0000
  [1m[36mActiveRecord::SchemaMigration Load (0.6ms)[0m  [1mSELECT "schema_migrations".* FROM "schema_migrations"[0m
Processing by Rails::WelcomeController#index as HTML
  Rendered /Users/vgray/.rvm/gems/ruby-2.2.1/gems/railties-4.2.6/lib/rails/templates/rails/welcome/index.html.erb (2.4ms)
Completed 200 OK in 25ms (Views: 15.3ms | ActiveRecord: 0.0ms)


Started GET "/blog_entries/new" for ::1 at 2016-03-23 21:55:15 +0000
Processing by BlogEntriesController#new as HTML
  Rendered blog_entries/_form.html.erb (31.1ms)
  Rendered blog_entries/new.html.erb within layouts/application (37.4ms)
Completed 200 OK in 1894ms (Views: 1886.9ms | ActiveRecord: 0.4ms)


Started GET "/assets/scaffolds.self-1106d1336f987519f6d49167c8ff453fb5bdad8a1c3a8df1adeaedd0946a199e.css?body=1" for ::1 at 2016-03-23 21:55:17 +0000


Started GET "/assets/blog_entries.self-e3b0c44298fc1c149afbf4c8996fb92427ae41e4649b934ca495991b7852b855.css?body=1" for ::1 at 2016-03-23 21:55:17 +0000


Started GET "/assets/application.self-e80e8f2318043e8af94dddc2adad5a4f09739a8ebb323b3ab31cd71d45fd9113.css?body=1" for ::1 at 2016-03-23 21:55:17 +0000


Started GET "/assets/jquery_ujs.self-e87806d0cf4489aeb1bb7288016024e8de67fd18db693fe026fe3907581e53cd.js?body=1" for ::1 at 2016-03-23 21:55:17 +0000


Started GET "/assets/jquery.self-660adc51e0224b731d29f575a6f1ec167ba08ad06ed5deca4f1e8654c135bf4c.js?body=1" for ::1 at 2016-03-23 21:55:17 +0000


Started GET "/assets/turbolinks.self-c37727e9bd6b2735da5c311aa83fead54ed0be6cc8bd9a65309e9c5abe2cbfff.js?body=1" for ::1 at 2016-03-23 21:55:17 +0000


Started GET "/assets/blog_entries.self-877aef30ae1b040ab8a3aba4e3e309a11d7f2612f44dde450b5c157aa5f95c05.js?body=1" for ::1 at 2016-03-23 21:55:17 +0000


Started GET "/assets/application.self-3b8dabdc891efe46b9a144b400ad69e37d7e5876bdc39dee783419a69d7ca819.js?body=1" for ::1 at 2016-03-23 21:55:17 +0000


Started POST "/blog_entries" for ::1 at 2016-03-23 21:56:33 +0000
Processing by BlogEntriesController#create as HTML
  Parameters: {"utf8"=>"✓", "authenticity_token"=>"1P6WFgZKQzaDqx6BjdNyhnsD7w5LeZDFPAfAoEsozOnBcLrFSSM2uzGU0qzbBmL9PF2jITELeaxEygSOhce1rw==", "blog_entry"=>{"title"=>"Blog post", "content"=>"I don't know how this page got here..."}, "commit"=>"Create Blog entry"}
  [1m[35m (0.1ms)[0m  begin transaction
  [1m[36mSQL (1.1ms)[0m  [1mINSERT INTO "blog_entries" ("title", "content", "created_at", "updated_at") VALUES (?, ?, ?, ?)[0m  [["title", "Blog post"], ["content", "I don't know how this page got here..."], ["created_at", "2016-03-23 21:56:33.009645"], ["updated_at", "2016-03-23 21:56:33.009645"]]
  [1m[35m (0.9ms)[0m  commit transaction
Redirected to http://localhost:3000/blog_entries/1
Completed 302 Found in 11ms (ActiveRecord: 2.1ms)


Started GET "/blog_entries/1" for ::1 at 2016-03-23 21:56:33 +0000
Processing by BlogEntriesController#show as HTML
  Parameters: {"id"=>"1"}
  [1m[36mBlogEntry Load (0.2ms)[0m  [1mSELECT  "blog_entries".* FROM "blog_entries" WHERE "blog_entries"."id" = ? LIMIT 1[0m  [["id", 1]]
  Rendered blog_entries/show.html.erb within layouts/application (2.6ms)
Completed 200 OK in 44ms (Views: 32.9ms | ActiveRecord: 0.2ms)


Started GET "/blog_entries.json" for ::1 at 2016-03-23 21:56:56 +0000
Processing by BlogEntriesController#index as JSON
  [1m[35mBlogEntry Load (0.2ms)[0m  SELECT "blog_entries".* FROM "blog_entries"
  Rendered blog_entries/index.json.jbuilder (4.6ms)
Completed 200 OK in 11ms (Views: 10.5ms | ActiveRecord: 0.2ms)


Started GET "/blog_entries/new" for ::1 at 2016-03-23 22:10:09 +0000
  [1m[36mActiveRecord::SchemaMigration Load (0.1ms)[0m  [1mSELECT "schema_migrations".* FROM "schema_migrations"[0m
Processing by BlogEntriesController#new as HTML
  Rendered blog_entries/_form.html.erb (19.8ms)
  Rendered blog_entries/new.html.erb within layouts/application (24.3ms)
Completed 200 OK in 261ms (Views: 246.9ms | ActiveRecord: 0.4ms)
